[2024-07-24T13:42:29.143+0000] {processor.py:156} INFO - Started process (PID=57) to work on /home/airflow/.local/lib/python3.7/site-packages/airflow/example_dags/example_complex.py
[2024-07-24T13:42:29.144+0000] {processor.py:799} INFO - Processing file /home/airflow/.local/lib/python3.7/site-packages/airflow/example_dags/example_complex.py for tasks to queue
[2024-07-24T13:42:29.145+0000] {logging_mixin.py:149} INFO - [2024-07-24T13:42:29.145+0000] {dagbag.py:541} INFO - Filling up the DagBag from /home/airflow/.local/lib/python3.7/site-packages/airflow/example_dags/example_complex.py
[2024-07-24T13:42:29.157+0000] {logging_mixin.py:149} INFO - [2024-07-24T13:42:29.157+0000] {taskmixin.py:211} WARNING - Dependency <Task(BashOperator): create_entry_group>, delete_entry_group already registered for DAG: example_complex
[2024-07-24T13:42:29.157+0000] {logging_mixin.py:149} INFO - [2024-07-24T13:42:29.157+0000] {taskmixin.py:211} WARNING - Dependency <Task(BashOperator): delete_entry_group>, create_entry_group already registered for DAG: example_complex
[2024-07-24T13:42:29.157+0000] {logging_mixin.py:149} INFO - [2024-07-24T13:42:29.157+0000] {taskmixin.py:211} WARNING - Dependency <Task(BashOperator): create_entry_gcs>, delete_entry already registered for DAG: example_complex
[2024-07-24T13:42:29.158+0000] {logging_mixin.py:149} INFO - [2024-07-24T13:42:29.157+0000] {taskmixin.py:211} WARNING - Dependency <Task(BashOperator): delete_entry>, create_entry_gcs already registered for DAG: example_complex
[2024-07-24T13:42:29.158+0000] {logging_mixin.py:149} INFO - [2024-07-24T13:42:29.158+0000] {taskmixin.py:211} WARNING - Dependency <Task(BashOperator): create_tag>, delete_tag already registered for DAG: example_complex
[2024-07-24T13:42:29.158+0000] {logging_mixin.py:149} INFO - [2024-07-24T13:42:29.158+0000] {taskmixin.py:211} WARNING - Dependency <Task(BashOperator): delete_tag>, create_tag already registered for DAG: example_complex
[2024-07-24T13:42:29.162+0000] {processor.py:809} INFO - DAG(s) dict_keys(['example_complex']) retrieved from /home/airflow/.local/lib/python3.7/site-packages/airflow/example_dags/example_complex.py
[2024-07-24T13:42:29.174+0000] {logging_mixin.py:149} INFO - [2024-07-24T13:42:29.174+0000] {dag.py:2726} INFO - Sync 1 DAGs
[2024-07-24T13:42:29.204+0000] {logging_mixin.py:149} INFO - [2024-07-24T13:42:29.204+0000] {dag.py:3490} INFO - Setting next_dagrun for example_complex to None, run_after=None
[2024-07-24T13:42:29.227+0000] {processor.py:178} INFO - Processing /home/airflow/.local/lib/python3.7/site-packages/airflow/example_dags/example_complex.py took 0.087 seconds
[2024-07-24T13:42:59.762+0000] {processor.py:156} INFO - Started process (PID=112) to work on /home/airflow/.local/lib/python3.7/site-packages/airflow/example_dags/example_complex.py
[2024-07-24T13:42:59.763+0000] {processor.py:799} INFO - Processing file /home/airflow/.local/lib/python3.7/site-packages/airflow/example_dags/example_complex.py for tasks to queue
[2024-07-24T13:42:59.763+0000] {logging_mixin.py:149} INFO - [2024-07-24T13:42:59.763+0000] {dagbag.py:541} INFO - Filling up the DagBag from /home/airflow/.local/lib/python3.7/site-packages/airflow/example_dags/example_complex.py
[2024-07-24T13:42:59.774+0000] {logging_mixin.py:149} INFO - [2024-07-24T13:42:59.774+0000] {taskmixin.py:211} WARNING - Dependency <Task(BashOperator): create_entry_group>, delete_entry_group already registered for DAG: example_complex
[2024-07-24T13:42:59.775+0000] {logging_mixin.py:149} INFO - [2024-07-24T13:42:59.775+0000] {taskmixin.py:211} WARNING - Dependency <Task(BashOperator): delete_entry_group>, create_entry_group already registered for DAG: example_complex
[2024-07-24T13:42:59.775+0000] {logging_mixin.py:149} INFO - [2024-07-24T13:42:59.775+0000] {taskmixin.py:211} WARNING - Dependency <Task(BashOperator): create_entry_gcs>, delete_entry already registered for DAG: example_complex
[2024-07-24T13:42:59.775+0000] {logging_mixin.py:149} INFO - [2024-07-24T13:42:59.775+0000] {taskmixin.py:211} WARNING - Dependency <Task(BashOperator): delete_entry>, create_entry_gcs already registered for DAG: example_complex
[2024-07-24T13:42:59.775+0000] {logging_mixin.py:149} INFO - [2024-07-24T13:42:59.775+0000] {taskmixin.py:211} WARNING - Dependency <Task(BashOperator): create_tag>, delete_tag already registered for DAG: example_complex
[2024-07-24T13:42:59.776+0000] {logging_mixin.py:149} INFO - [2024-07-24T13:42:59.776+0000] {taskmixin.py:211} WARNING - Dependency <Task(BashOperator): delete_tag>, create_tag already registered for DAG: example_complex
[2024-07-24T13:42:59.778+0000] {processor.py:809} INFO - DAG(s) dict_keys(['example_complex']) retrieved from /home/airflow/.local/lib/python3.7/site-packages/airflow/example_dags/example_complex.py
[2024-07-24T13:42:59.812+0000] {logging_mixin.py:149} INFO - [2024-07-24T13:42:59.811+0000] {dag.py:2726} INFO - Sync 1 DAGs
[2024-07-24T13:42:59.838+0000] {logging_mixin.py:149} INFO - [2024-07-24T13:42:59.838+0000] {dag.py:3490} INFO - Setting next_dagrun for example_complex to None, run_after=None
[2024-07-24T13:42:59.858+0000] {processor.py:178} INFO - Processing /home/airflow/.local/lib/python3.7/site-packages/airflow/example_dags/example_complex.py took 0.098 seconds
