[2024-07-24T13:42:28.862+0000] {processor.py:156} INFO - Started process (PID=50) to work on /home/airflow/.local/lib/python3.7/site-packages/airflow/example_dags/example_python_operator.py
[2024-07-24T13:42:28.863+0000] {processor.py:799} INFO - Processing file /home/airflow/.local/lib/python3.7/site-packages/airflow/example_dags/example_python_operator.py for tasks to queue
[2024-07-24T13:42:28.864+0000] {logging_mixin.py:149} INFO - [2024-07-24T13:42:28.864+0000] {dagbag.py:541} INFO - Filling up the DagBag from /home/airflow/.local/lib/python3.7/site-packages/airflow/example_dags/example_python_operator.py
[2024-07-24T13:42:28.875+0000] {logging_mixin.py:149} INFO - [2024-07-24T13:42:28.874+0000] {taskmixin.py:211} WARNING - Dependency <Task(_PythonDecoratedOperator): print_the_context>, log_sql_query already registered for DAG: example_python_operator
[2024-07-24T13:42:28.875+0000] {logging_mixin.py:149} INFO - [2024-07-24T13:42:28.875+0000] {taskmixin.py:211} WARNING - Dependency <Task(_PythonDecoratedOperator): log_sql_query>, print_the_context already registered for DAG: example_python_operator
[2024-07-24T13:42:28.876+0000] {logging_mixin.py:149} INFO - [2024-07-24T13:42:28.875+0000] {taskmixin.py:211} WARNING - Dependency <Task(_PythonDecoratedOperator): print_the_context>, log_sql_query already registered for DAG: example_python_operator
[2024-07-24T13:42:28.876+0000] {logging_mixin.py:149} INFO - [2024-07-24T13:42:28.876+0000] {taskmixin.py:211} WARNING - Dependency <Task(_PythonDecoratedOperator): log_sql_query>, print_the_context already registered for DAG: example_python_operator
[2024-07-24T13:42:28.877+0000] {logging_mixin.py:149} INFO - [2024-07-24T13:42:28.876+0000] {taskmixin.py:211} WARNING - Dependency <Task(_PythonDecoratedOperator): print_the_context>, log_sql_query already registered for DAG: example_python_operator
[2024-07-24T13:42:28.877+0000] {logging_mixin.py:149} INFO - [2024-07-24T13:42:28.877+0000] {taskmixin.py:211} WARNING - Dependency <Task(_PythonDecoratedOperator): log_sql_query>, print_the_context already registered for DAG: example_python_operator
[2024-07-24T13:42:28.878+0000] {logging_mixin.py:149} INFO - [2024-07-24T13:42:28.877+0000] {taskmixin.py:211} WARNING - Dependency <Task(_PythonDecoratedOperator): print_the_context>, log_sql_query already registered for DAG: example_python_operator
[2024-07-24T13:42:28.878+0000] {logging_mixin.py:149} INFO - [2024-07-24T13:42:28.878+0000] {taskmixin.py:211} WARNING - Dependency <Task(_PythonDecoratedOperator): log_sql_query>, print_the_context already registered for DAG: example_python_operator
[2024-07-24T13:42:28.886+0000] {processor.py:809} INFO - DAG(s) dict_keys(['example_python_operator']) retrieved from /home/airflow/.local/lib/python3.7/site-packages/airflow/example_dags/example_python_operator.py
[2024-07-24T13:42:28.898+0000] {logging_mixin.py:149} INFO - [2024-07-24T13:42:28.898+0000] {dag.py:2726} INFO - Sync 1 DAGs
[2024-07-24T13:42:28.935+0000] {logging_mixin.py:149} INFO - [2024-07-24T13:42:28.935+0000] {dag.py:3490} INFO - Setting next_dagrun for example_python_operator to None, run_after=None
[2024-07-24T13:42:28.962+0000] {processor.py:178} INFO - Processing /home/airflow/.local/lib/python3.7/site-packages/airflow/example_dags/example_python_operator.py took 0.103 seconds
[2024-07-24T13:42:59.462+0000] {processor.py:156} INFO - Started process (PID=105) to work on /home/airflow/.local/lib/python3.7/site-packages/airflow/example_dags/example_python_operator.py
[2024-07-24T13:42:59.463+0000] {processor.py:799} INFO - Processing file /home/airflow/.local/lib/python3.7/site-packages/airflow/example_dags/example_python_operator.py for tasks to queue
[2024-07-24T13:42:59.463+0000] {logging_mixin.py:149} INFO - [2024-07-24T13:42:59.463+0000] {dagbag.py:541} INFO - Filling up the DagBag from /home/airflow/.local/lib/python3.7/site-packages/airflow/example_dags/example_python_operator.py
[2024-07-24T13:42:59.469+0000] {logging_mixin.py:149} INFO - [2024-07-24T13:42:59.469+0000] {taskmixin.py:211} WARNING - Dependency <Task(_PythonDecoratedOperator): print_the_context>, log_sql_query already registered for DAG: example_python_operator
[2024-07-24T13:42:59.469+0000] {logging_mixin.py:149} INFO - [2024-07-24T13:42:59.469+0000] {taskmixin.py:211} WARNING - Dependency <Task(_PythonDecoratedOperator): log_sql_query>, print_the_context already registered for DAG: example_python_operator
[2024-07-24T13:42:59.470+0000] {logging_mixin.py:149} INFO - [2024-07-24T13:42:59.470+0000] {taskmixin.py:211} WARNING - Dependency <Task(_PythonDecoratedOperator): print_the_context>, log_sql_query already registered for DAG: example_python_operator
[2024-07-24T13:42:59.470+0000] {logging_mixin.py:149} INFO - [2024-07-24T13:42:59.470+0000] {taskmixin.py:211} WARNING - Dependency <Task(_PythonDecoratedOperator): log_sql_query>, print_the_context already registered for DAG: example_python_operator
[2024-07-24T13:42:59.471+0000] {logging_mixin.py:149} INFO - [2024-07-24T13:42:59.470+0000] {taskmixin.py:211} WARNING - Dependency <Task(_PythonDecoratedOperator): print_the_context>, log_sql_query already registered for DAG: example_python_operator
[2024-07-24T13:42:59.471+0000] {logging_mixin.py:149} INFO - [2024-07-24T13:42:59.471+0000] {taskmixin.py:211} WARNING - Dependency <Task(_PythonDecoratedOperator): log_sql_query>, print_the_context already registered for DAG: example_python_operator
[2024-07-24T13:42:59.471+0000] {logging_mixin.py:149} INFO - [2024-07-24T13:42:59.471+0000] {taskmixin.py:211} WARNING - Dependency <Task(_PythonDecoratedOperator): print_the_context>, log_sql_query already registered for DAG: example_python_operator
[2024-07-24T13:42:59.471+0000] {logging_mixin.py:149} INFO - [2024-07-24T13:42:59.471+0000] {taskmixin.py:211} WARNING - Dependency <Task(_PythonDecoratedOperator): log_sql_query>, print_the_context already registered for DAG: example_python_operator
[2024-07-24T13:42:59.474+0000] {processor.py:809} INFO - DAG(s) dict_keys(['example_python_operator']) retrieved from /home/airflow/.local/lib/python3.7/site-packages/airflow/example_dags/example_python_operator.py
[2024-07-24T13:42:59.541+0000] {logging_mixin.py:149} INFO - [2024-07-24T13:42:59.541+0000] {dag.py:2726} INFO - Sync 1 DAGs
[2024-07-24T13:42:59.566+0000] {logging_mixin.py:149} INFO - [2024-07-24T13:42:59.566+0000] {dag.py:3490} INFO - Setting next_dagrun for example_python_operator to None, run_after=None
[2024-07-24T13:42:59.591+0000] {processor.py:178} INFO - Processing /home/airflow/.local/lib/python3.7/site-packages/airflow/example_dags/example_python_operator.py took 0.131 seconds
