[2024-07-24T13:42:30.345+0000] {processor.py:156} INFO - Started process (PID=77) to work on /home/airflow/.local/lib/python3.7/site-packages/airflow/example_dags/example_subdag_operator.py
[2024-07-24T13:42:30.346+0000] {processor.py:799} INFO - Processing file /home/airflow/.local/lib/python3.7/site-packages/airflow/example_dags/example_subdag_operator.py for tasks to queue
[2024-07-24T13:42:30.347+0000] {logging_mixin.py:149} INFO - [2024-07-24T13:42:30.346+0000] {dagbag.py:541} INFO - Filling up the DagBag from /home/airflow/.local/lib/python3.7/site-packages/airflow/example_dags/example_subdag_operator.py
[2024-07-24T13:42:30.371+0000] {processor.py:809} INFO - DAG(s) dict_keys(['example_subdag_operator.section-1', 'example_subdag_operator.section-2', 'example_subdag_operator']) retrieved from /home/airflow/.local/lib/python3.7/site-packages/airflow/example_dags/example_subdag_operator.py
[2024-07-24T13:42:30.375+0000] {logging_mixin.py:149} INFO - [2024-07-24T13:42:30.375+0000] {dag.py:2726} INFO - Sync 3 DAGs
[2024-07-24T13:42:30.404+0000] {logging_mixin.py:149} INFO - [2024-07-24T13:42:30.404+0000] {dag.py:3490} INFO - Setting next_dagrun for example_subdag_operator to 2022-01-01T00:00:00+00:00, run_after=2022-01-01T00:00:00+00:00
[2024-07-24T13:42:30.408+0000] {logging_mixin.py:149} INFO - [2024-07-24T13:42:30.408+0000] {dag.py:3490} INFO - Setting next_dagrun for example_subdag_operator.section-1 to None, run_after=None
[2024-07-24T13:42:30.409+0000] {logging_mixin.py:149} INFO - [2024-07-24T13:42:30.409+0000] {dag.py:3490} INFO - Setting next_dagrun for example_subdag_operator.section-2 to None, run_after=None
[2024-07-24T13:42:30.419+0000] {logging_mixin.py:149} INFO - [2024-07-24T13:42:30.419+0000] {dag.py:2726} INFO - Sync 2 DAGs
[2024-07-24T13:42:30.427+0000] {logging_mixin.py:149} INFO - [2024-07-24T13:42:30.427+0000] {dag.py:3490} INFO - Setting next_dagrun for example_subdag_operator.section-1 to None, run_after=None
[2024-07-24T13:42:30.428+0000] {logging_mixin.py:149} INFO - [2024-07-24T13:42:30.428+0000] {dag.py:3490} INFO - Setting next_dagrun for example_subdag_operator.section-2 to None, run_after=None
[2024-07-24T13:42:30.441+0000] {processor.py:178} INFO - Processing /home/airflow/.local/lib/python3.7/site-packages/airflow/example_dags/example_subdag_operator.py took 0.099 seconds
[2024-07-24T13:43:00.907+0000] {processor.py:156} INFO - Started process (PID=132) to work on /home/airflow/.local/lib/python3.7/site-packages/airflow/example_dags/example_subdag_operator.py
[2024-07-24T13:43:00.908+0000] {processor.py:799} INFO - Processing file /home/airflow/.local/lib/python3.7/site-packages/airflow/example_dags/example_subdag_operator.py for tasks to queue
[2024-07-24T13:43:00.909+0000] {logging_mixin.py:149} INFO - [2024-07-24T13:43:00.908+0000] {dagbag.py:541} INFO - Filling up the DagBag from /home/airflow/.local/lib/python3.7/site-packages/airflow/example_dags/example_subdag_operator.py
[2024-07-24T13:43:00.937+0000] {processor.py:809} INFO - DAG(s) dict_keys(['example_subdag_operator.section-1', 'example_subdag_operator.section-2', 'example_subdag_operator']) retrieved from /home/airflow/.local/lib/python3.7/site-packages/airflow/example_dags/example_subdag_operator.py
[2024-07-24T13:43:00.962+0000] {logging_mixin.py:149} INFO - [2024-07-24T13:43:00.961+0000] {dag.py:2726} INFO - Sync 3 DAGs
[2024-07-24T13:43:00.993+0000] {logging_mixin.py:149} INFO - [2024-07-24T13:43:00.993+0000] {dag.py:3490} INFO - Setting next_dagrun for example_subdag_operator to 2022-01-01T00:00:00+00:00, run_after=2022-01-01T00:00:00+00:00
[2024-07-24T13:43:00.998+0000] {logging_mixin.py:149} INFO - [2024-07-24T13:43:00.998+0000] {dag.py:3490} INFO - Setting next_dagrun for example_subdag_operator.section-1 to None, run_after=None
[2024-07-24T13:43:01.000+0000] {logging_mixin.py:149} INFO - [2024-07-24T13:43:01.000+0000] {dag.py:3490} INFO - Setting next_dagrun for example_subdag_operator.section-2 to None, run_after=None
[2024-07-24T13:43:01.008+0000] {logging_mixin.py:149} INFO - [2024-07-24T13:43:01.008+0000] {dag.py:2726} INFO - Sync 2 DAGs
[2024-07-24T13:43:01.015+0000] {logging_mixin.py:149} INFO - [2024-07-24T13:43:01.015+0000] {dag.py:3490} INFO - Setting next_dagrun for example_subdag_operator.section-1 to None, run_after=None
[2024-07-24T13:43:01.015+0000] {logging_mixin.py:149} INFO - [2024-07-24T13:43:01.015+0000] {dag.py:3490} INFO - Setting next_dagrun for example_subdag_operator.section-2 to None, run_after=None
[2024-07-24T13:43:01.028+0000] {processor.py:178} INFO - Processing /home/airflow/.local/lib/python3.7/site-packages/airflow/example_dags/example_subdag_operator.py took 0.123 seconds
