[2024-07-24T13:42:29.994+0000] {processor.py:156} INFO - Started process (PID=71) to work on /home/airflow/.local/lib/python3.7/site-packages/airflow/example_dags/example_datasets.py
[2024-07-24T13:42:29.995+0000] {processor.py:799} INFO - Processing file /home/airflow/.local/lib/python3.7/site-packages/airflow/example_dags/example_datasets.py for tasks to queue
[2024-07-24T13:42:29.995+0000] {logging_mixin.py:149} INFO - [2024-07-24T13:42:29.995+0000] {dagbag.py:541} INFO - Filling up the DagBag from /home/airflow/.local/lib/python3.7/site-packages/airflow/example_dags/example_datasets.py
[2024-07-24T13:42:30.009+0000] {processor.py:809} INFO - DAG(s) dict_keys(['dataset_produces_2', 'dataset_consumes_1_never_scheduled', 'dataset_consumes_1', 'dataset_consumes_1_and_2', 'dataset_consumes_unknown_never_scheduled', 'dataset_produces_1']) retrieved from /home/airflow/.local/lib/python3.7/site-packages/airflow/example_dags/example_datasets.py
[2024-07-24T13:42:30.033+0000] {logging_mixin.py:149} INFO - [2024-07-24T13:42:30.033+0000] {dag.py:2726} INFO - Sync 6 DAGs
[2024-07-24T13:42:30.065+0000] {logging_mixin.py:149} INFO - [2024-07-24T13:42:30.064+0000] {dag.py:3490} INFO - Setting next_dagrun for dataset_consumes_1 to None, run_after=None
[2024-07-24T13:42:30.068+0000] {logging_mixin.py:149} INFO - [2024-07-24T13:42:30.068+0000] {dag.py:3490} INFO - Setting next_dagrun for dataset_consumes_1_and_2 to None, run_after=None
[2024-07-24T13:42:30.070+0000] {logging_mixin.py:149} INFO - [2024-07-24T13:42:30.070+0000] {dag.py:3490} INFO - Setting next_dagrun for dataset_consumes_1_never_scheduled to None, run_after=None
[2024-07-24T13:42:30.071+0000] {logging_mixin.py:149} INFO - [2024-07-24T13:42:30.071+0000] {dag.py:3490} INFO - Setting next_dagrun for dataset_consumes_unknown_never_scheduled to None, run_after=None
[2024-07-24T13:42:30.076+0000] {logging_mixin.py:149} INFO - [2024-07-24T13:42:30.076+0000] {dag.py:3490} INFO - Setting next_dagrun for dataset_produces_1 to 2024-07-23T00:00:00+00:00, run_after=2024-07-24T00:00:00+00:00
[2024-07-24T13:42:30.079+0000] {logging_mixin.py:149} INFO - [2024-07-24T13:42:30.078+0000] {dag.py:3490} INFO - Setting next_dagrun for dataset_produces_2 to None, run_after=None
[2024-07-24T13:42:30.133+0000] {processor.py:178} INFO - Processing /home/airflow/.local/lib/python3.7/site-packages/airflow/example_dags/example_datasets.py took 0.142 seconds
[2024-07-24T13:43:00.548+0000] {processor.py:156} INFO - Started process (PID=126) to work on /home/airflow/.local/lib/python3.7/site-packages/airflow/example_dags/example_datasets.py
[2024-07-24T13:43:00.549+0000] {processor.py:799} INFO - Processing file /home/airflow/.local/lib/python3.7/site-packages/airflow/example_dags/example_datasets.py for tasks to queue
[2024-07-24T13:43:00.549+0000] {logging_mixin.py:149} INFO - [2024-07-24T13:43:00.549+0000] {dagbag.py:541} INFO - Filling up the DagBag from /home/airflow/.local/lib/python3.7/site-packages/airflow/example_dags/example_datasets.py
[2024-07-24T13:43:00.557+0000] {processor.py:809} INFO - DAG(s) dict_keys(['dataset_consumes_1', 'dataset_produces_1', 'dataset_consumes_1_never_scheduled', 'dataset_produces_2', 'dataset_consumes_unknown_never_scheduled', 'dataset_consumes_1_and_2']) retrieved from /home/airflow/.local/lib/python3.7/site-packages/airflow/example_dags/example_datasets.py
[2024-07-24T13:43:00.654+0000] {logging_mixin.py:149} INFO - [2024-07-24T13:43:00.654+0000] {dag.py:2726} INFO - Sync 6 DAGs
[2024-07-24T13:43:00.682+0000] {logging_mixin.py:149} INFO - [2024-07-24T13:43:00.682+0000] {dag.py:3490} INFO - Setting next_dagrun for dataset_consumes_1 to None, run_after=None
[2024-07-24T13:43:00.686+0000] {logging_mixin.py:149} INFO - [2024-07-24T13:43:00.686+0000] {dag.py:3490} INFO - Setting next_dagrun for dataset_consumes_1_and_2 to None, run_after=None
[2024-07-24T13:43:00.687+0000] {logging_mixin.py:149} INFO - [2024-07-24T13:43:00.687+0000] {dag.py:3490} INFO - Setting next_dagrun for dataset_consumes_1_never_scheduled to None, run_after=None
[2024-07-24T13:43:00.689+0000] {logging_mixin.py:149} INFO - [2024-07-24T13:43:00.689+0000] {dag.py:3490} INFO - Setting next_dagrun for dataset_consumes_unknown_never_scheduled to None, run_after=None
[2024-07-24T13:43:00.693+0000] {logging_mixin.py:149} INFO - [2024-07-24T13:43:00.692+0000] {dag.py:3490} INFO - Setting next_dagrun for dataset_produces_1 to 2024-07-23T00:00:00+00:00, run_after=2024-07-24T00:00:00+00:00
[2024-07-24T13:43:00.694+0000] {logging_mixin.py:149} INFO - [2024-07-24T13:43:00.694+0000] {dag.py:3490} INFO - Setting next_dagrun for dataset_produces_2 to None, run_after=None
[2024-07-24T13:43:00.750+0000] {processor.py:178} INFO - Processing /home/airflow/.local/lib/python3.7/site-packages/airflow/example_dags/example_datasets.py took 0.204 seconds
